<?xml version="1.0" encoding="UTF-8"?>
<testng-results skipped="1" failed="1" ignored="0" total="2" passed="0">
  <reporter-output>
    <line>
      <![CDATA[Driver is set]]>
    </line>
    <line>
      <![CDATA[Website opened]]>
    </line>
    <line>
      <![CDATA[browser closed after test case execution]]>
    </line>
  </reporter-output>
  <suite name="Default suite" duration-ms="197756" started-at="2020-12-28T06:56:03Z" finished-at="2020-12-28T06:59:21Z">
    <groups>
    </groups>
    <test name="Default test" duration-ms="197756" started-at="2020-12-28T06:56:03Z" finished-at="2020-12-28T06:59:21Z">
      <class name="testCases.RegisterTestCase">
        <test-method status="PASS" signature="setBrowser()[pri:0, instance:testCases.RegisterTestCase@5300cac]" name="setBrowser" is-config="true" duration-ms="17700" started-at="2020-12-28T06:55:45Z" finished-at="2020-12-28T06:56:03Z">
          <reporter-output>
            <line>
              <![CDATA[Driver is set]]>
            </line>
          </reporter-output>
        </test-method> <!-- setBrowser -->
        <test-method status="PASS" signature="OpenWebsite()[pri:0, instance:testCases.RegisterTestCase@5300cac]" name="OpenWebsite" is-config="true" duration-ms="2844" started-at="2020-12-28T06:56:03Z" finished-at="2020-12-28T06:56:06Z">
          <reporter-output>
            <line>
              <![CDATA[Website opened]]>
            </line>
          </reporter-output>
        </test-method> <!-- OpenWebsite -->
        <test-method status="FAIL" signature="Register()[pri:1, instance:testCases.RegisterTestCase@5300cac]" name="Register" duration-ms="165489" started-at="2020-12-28T06:56:06Z" finished-at="2020-12-28T06:58:51Z">
          <exception class="org.openqa.selenium.NoSuchElementException">
            <message>
              <![CDATA[Unable to locate element: //*[@id="input-telephone"]
For documentation on this error, please visit: http://seleniumhq.org/exceptions/no_such_element.html
Build info: version: '3.14.0', revision: 'aacccce0', time: '2018-08-02T20:19:58.91Z'
System info: host: 'ruchi-Inspiron-5570', ip: '127.0.1.1', os.name: 'Linux', os.arch: 'amd64', os.version: '4.15.0-99-generic', java.version: '1.8.0_191'
Driver info: org.openqa.selenium.firefox.FirefoxDriver
Capabilities {acceptInsecureCerts: true, browserName: firefox, browserVersion: 84.0, javascriptEnabled: true, moz:accessibilityChecks: false, moz:buildID: 20201211215739, moz:geckodriverVersion: 0.28.0, moz:headless: false, moz:processID: 17625, moz:profile: /tmp/rust_mozprofileE7qtpg, moz:shutdownTimeout: 60000, moz:useNonSpecCompliantPointerOrigin: false, moz:webdriverClick: true, pageLoadStrategy: normal, platform: LINUX, platformName: LINUX, platformVersion: 4.15.0-99-generic, rotatable: false, setWindowRect: true, strictFileInteractability: false, timeouts: {implicit: 0, pageLoad: 300000, script: 30000}, unhandledPromptBehavior: dismiss and notify}
Session ID: 224f59b9-4e6d-477b-a0be-56a37b16da64
*** Element info: {Using=xpath, value=//*[@id="input-telephone"]}]]>
            </message>
            <full-stacktrace>
              <![CDATA[org.openqa.selenium.NoSuchElementException: Unable to locate element: //*[@id="input-telephone"]
For documentation on this error, please visit: http://seleniumhq.org/exceptions/no_such_element.html
Build info: version: '3.14.0', revision: 'aacccce0', time: '2018-08-02T20:19:58.91Z'
System info: host: 'ruchi-Inspiron-5570', ip: '127.0.1.1', os.name: 'Linux', os.arch: 'amd64', os.version: '4.15.0-99-generic', java.version: '1.8.0_191'
Driver info: org.openqa.selenium.firefox.FirefoxDriver
Capabilities {acceptInsecureCerts: true, browserName: firefox, browserVersion: 84.0, javascriptEnabled: true, moz:accessibilityChecks: false, moz:buildID: 20201211215739, moz:geckodriverVersion: 0.28.0, moz:headless: false, moz:processID: 17625, moz:profile: /tmp/rust_mozprofileE7qtpg, moz:shutdownTimeout: 60000, moz:useNonSpecCompliantPointerOrigin: false, moz:webdriverClick: true, pageLoadStrategy: normal, platform: LINUX, platformName: LINUX, platformVersion: 4.15.0-99-generic, rotatable: false, setWindowRect: true, strictFileInteractability: false, timeouts: {implicit: 0, pageLoad: 300000, script: 30000}, unhandledPromptBehavior: dismiss and notify}
Session ID: 224f59b9-4e6d-477b-a0be-56a37b16da64
*** Element info: {Using=xpath, value=//*[@id="input-telephone"]}
at sun.reflect.NativeConstructorAccessorImpl.newInstance0(Native Method)
at sun.reflect.NativeConstructorAccessorImpl.newInstance(NativeConstructorAccessorImpl.java:62)
at sun.reflect.DelegatingConstructorAccessorImpl.newInstance(DelegatingConstructorAccessorImpl.java:45)
at java.lang.reflect.Constructor.newInstance(Constructor.java:423)
at org.openqa.selenium.remote.http.W3CHttpResponseCodec.createException(W3CHttpResponseCodec.java:187)
at org.openqa.selenium.remote.http.W3CHttpResponseCodec.decode(W3CHttpResponseCodec.java:122)
at org.openqa.selenium.remote.http.W3CHttpResponseCodec.decode(W3CHttpResponseCodec.java:49)
at org.openqa.selenium.remote.HttpCommandExecutor.execute(HttpCommandExecutor.java:158)
at org.openqa.selenium.remote.service.DriverCommandExecutor.execute(DriverCommandExecutor.java:83)
at org.openqa.selenium.remote.RemoteWebDriver.execute(RemoteWebDriver.java:548)
at org.openqa.selenium.remote.RemoteWebDriver.findElement(RemoteWebDriver.java:322)
at org.openqa.selenium.remote.RemoteWebDriver.findElementByXPath(RemoteWebDriver.java:424)
at org.openqa.selenium.By$ByXPath.findElement(By.java:353)
at org.openqa.selenium.remote.RemoteWebDriver.findElement(RemoteWebDriver.java:314)
at testCases.RegisterTestCase.Register(RegisterTestCase.java:87)
at sun.reflect.NativeMethodAccessorImpl.invoke0(Native Method)
at sun.reflect.NativeMethodAccessorImpl.invoke(NativeMethodAccessorImpl.java:62)
at sun.reflect.DelegatingMethodAccessorImpl.invoke(DelegatingMethodAccessorImpl.java:43)
at java.lang.reflect.Method.invoke(Method.java:498)
at org.testng.internal.MethodInvocationHelper.invokeMethod(MethodInvocationHelper.java:124)
at org.testng.internal.Invoker.invokeMethod(Invoker.java:580)
at org.testng.internal.Invoker.invokeTestMethod(Invoker.java:716)
at org.testng.internal.Invoker.invokeTestMethods(Invoker.java:988)
at org.testng.internal.TestMethodWorker.invokeTestMethods(TestMethodWorker.java:125)
at org.testng.internal.TestMethodWorker.run(TestMethodWorker.java:109)
at org.testng.TestRunner.privateRun(TestRunner.java:648)
at org.testng.TestRunner.run(TestRunner.java:505)
at org.testng.SuiteRunner.runTest(SuiteRunner.java:455)
at org.testng.SuiteRunner.runSequentially(SuiteRunner.java:450)
at org.testng.SuiteRunner.privateRun(SuiteRunner.java:415)
at org.testng.SuiteRunner.run(SuiteRunner.java:364)
at org.testng.SuiteRunnerWorker.runSuite(SuiteRunnerWorker.java:52)
at org.testng.SuiteRunnerWorker.run(SuiteRunnerWorker.java:84)
at org.testng.TestNG.runSuitesSequentially(TestNG.java:1208)
at org.testng.TestNG.runSuitesLocally(TestNG.java:1137)
at org.testng.TestNG.runSuites(TestNG.java:1049)
at org.testng.TestNG.run(TestNG.java:1017)
at org.testng.remote.AbstractRemoteTestNG.run(AbstractRemoteTestNG.java:114)
at org.testng.remote.RemoteTestNG.initAndRun(RemoteTestNG.java:251)
at org.testng.remote.RemoteTestNG.main(RemoteTestNG.java:77)
]]>
            </full-stacktrace>
          </exception> <!-- org.openqa.selenium.NoSuchElementException -->
          <reporter-output>
          </reporter-output>
        </test-method> <!-- Register -->
        <test-method status="SKIP" signature="Login()[pri:2, instance:testCases.RegisterTestCase@5300cac]" name="Login" duration-ms="1" started-at="2020-12-28T06:58:52Z" depends-on-methods="testCases.RegisterTestCase.Register" finished-at="2020-12-28T06:58:52Z">
          <exception class="java.lang.Throwable">
            <message>
              <![CDATA[Method RegisterTestCase.Login()[pri:2, instance:testCases.RegisterTestCase@5300cac] depends on not successfully finished methods]]>
            </message>
            <full-stacktrace>
              <![CDATA[java.lang.Throwable: Method RegisterTestCase.Login()[pri:2, instance:testCases.RegisterTestCase@5300cac] depends on not successfully finished methods
at org.testng.internal.Invoker.invokeTestMethods(Invoker.java:887)
at org.testng.internal.TestMethodWorker.invokeTestMethods(TestMethodWorker.java:125)
at org.testng.internal.TestMethodWorker.run(TestMethodWorker.java:109)
at org.testng.TestRunner.privateRun(TestRunner.java:648)
at org.testng.TestRunner.run(TestRunner.java:505)
at org.testng.SuiteRunner.runTest(SuiteRunner.java:455)
at org.testng.SuiteRunner.runSequentially(SuiteRunner.java:450)
at org.testng.SuiteRunner.privateRun(SuiteRunner.java:415)
at org.testng.SuiteRunner.run(SuiteRunner.java:364)
at org.testng.SuiteRunnerWorker.runSuite(SuiteRunnerWorker.java:52)
at org.testng.SuiteRunnerWorker.run(SuiteRunnerWorker.java:84)
at org.testng.TestNG.runSuitesSequentially(TestNG.java:1208)
at org.testng.TestNG.runSuitesLocally(TestNG.java:1137)
at org.testng.TestNG.runSuites(TestNG.java:1049)
at org.testng.TestNG.run(TestNG.java:1017)
at org.testng.remote.AbstractRemoteTestNG.run(AbstractRemoteTestNG.java:114)
at org.testng.remote.RemoteTestNG.initAndRun(RemoteTestNG.java:251)
at org.testng.remote.RemoteTestNG.main(RemoteTestNG.java:77)
]]>
            </full-stacktrace>
          </exception> <!-- java.lang.Throwable -->
          <reporter-output>
          </reporter-output>
        </test-method> <!-- Login -->
        <test-method status="PASS" signature="CloseWebsite()[pri:0, instance:testCases.RegisterTestCase@5300cac]" name="CloseWebsite" is-config="true" duration-ms="28340" started-at="2020-12-28T06:58:52Z" finished-at="2020-12-28T06:59:21Z">
          <reporter-output>
            <line>
              <![CDATA[browser closed after test case execution]]>
            </line>
          </reporter-output>
        </test-method> <!-- CloseWebsite -->
      </class> <!-- testCases.RegisterTestCase -->
    </test> <!-- Default test -->
  </suite> <!-- Default suite -->
</testng-results>
