<?xml version="1.0" encoding="UTF-8"?>
<!-- Generated by org.testng.reporters.JUnitXMLReporter -->
<testsuite hostname="ruchi-Inspiron-5570" ignored="0" name="Default test" tests="5" failures="0" timestamp="24 Jan 2021 04:21:02 GMT" time="103.324" errors="0">
  <testcase name="RegisterAsIndividual" time="56.819" classname="testCases.RegisterTestCase"/>
  <testcase name="RegisterAsIndianAcademic" time="0.0" classname="testCases.RegisterTestCase">
    <skipped/>
  </testcase> <!-- RegisterAsIndianAcademic -->
  <testcase name="RegisterAsStartUp" time="0.0" classname="testCases.RegisterTestCase">
    <skipped/>
  </testcase> <!-- RegisterAsStartUp -->
  <testcase name="RegisterAsMSME" time="0.0" classname="testCases.RegisterTestCase">
    <skipped/>
  </testcase> <!-- RegisterAsMSME -->
  <testcase name="Login" time="44.0" classname="testCases.RegisterTestCase"/>
</testsuite> <!-- Default test -->
