<?xml version="1.0" encoding="UTF-8"?>
<!-- Generated by org.testng.reporters.JUnitXMLReporter -->
<testsuite hostname="ruchi-Inspiron-5570" ignored="0" name="Register Test" tests="5" failures="2" timestamp="14 Feb 2021 06:15:15 GMT" time="204.686" errors="0">
  <testcase name="RegisterAsIndividual" time="87.654" classname="testCases.RegisterTestCase"/>
  <testcase name="RegisterAsIndividual" time="77.613" classname="testCases.RegisterTestCase"/>
  <testcase name="RegisterAsIndianAcademic" time="5.913" classname="testCases.RegisterTestCase">
    <failure type="java.lang.AssertionError" message="null">
      <![CDATA[java.lang.AssertionError: null
at testCases.RegisterTestCase.RegisterAsIndianAcademic(RegisterTestCase.java:208)
... Removed 27 stack frames]]>
    </failure>
  </testcase> <!-- RegisterAsIndianAcademic -->
  <testcase name="RegisterAsIndianAcademic" time="11.074" classname="testCases.RegisterTestCase">
    <failure type="java.lang.AssertionError" message="null">
      <![CDATA[java.lang.AssertionError: null
at testCases.RegisterTestCase.RegisterAsIndianAcademic(RegisterTestCase.java:208)
... Removed 27 stack frames]]>
    </failure>
  </testcase> <!-- RegisterAsIndianAcademic -->
  <testcase name="Login" time="0.001" classname="testCases.RegisterTestCase"/>
</testsuite> <!-- Register Test -->
