<?xml version="1.0" encoding="UTF-8"?>
<!-- Generated by org.testng.reporters.JUnitXMLReporter -->
<testsuite hostname="ruchi-Inspiron-5570" ignored="0" name="Test" tests="5" failures="4" timestamp="12 Feb 2021 02:24:05 GMT" time="40.622" errors="0">
  <testcase name="RegisterAsIndividual" time="0.012" classname="testCases.RegisterTestCase">
    <failure type="java.lang.AssertionError" message="null">
      <![CDATA[java.lang.AssertionError: null
at testCases.RegisterTestCase.RegisterAsIndividual(RegisterTestCase.java:129)
... Removed 27 stack frames]]>
    </failure>
  </testcase> <!-- RegisterAsIndividual -->
  <testcase name="RegisterAsIndividual" time="0.001" classname="testCases.RegisterTestCase">
    <failure type="java.lang.AssertionError" message="null">
      <![CDATA[java.lang.AssertionError: null
at testCases.RegisterTestCase.RegisterAsIndividual(RegisterTestCase.java:129)
... Removed 27 stack frames]]>
    </failure>
  </testcase> <!-- RegisterAsIndividual -->
  <testcase name="RegisterAsIndianAcademic" time="6.96" classname="testCases.RegisterTestCase">
    <failure type="java.lang.AssertionError" message="null">
      <![CDATA[java.lang.AssertionError: null
at testCases.RegisterTestCase.RegisterAsIndianAcademic(RegisterTestCase.java:202)
... Removed 27 stack frames]]>
    </failure>
  </testcase> <!-- RegisterAsIndianAcademic -->
  <testcase name="RegisterAsIndianAcademic" time="11.061" classname="testCases.RegisterTestCase">
    <failure type="java.lang.AssertionError" message="null">
      <![CDATA[java.lang.AssertionError: null
at testCases.RegisterTestCase.RegisterAsIndianAcademic(RegisterTestCase.java:202)
... Removed 27 stack frames]]>
    </failure>
  </testcase> <!-- RegisterAsIndianAcademic -->
  <testcase name="Login" time="0.0" classname="testCases.RegisterTestCase">
    <skipped/>
  </testcase> <!-- Login -->
</testsuite> <!-- Test -->
