<?xml version="1.0" encoding="UTF-8"?>
<testng-results skipped="0" failed="2" ignored="0" total="5" passed="3">
  <reporter-output>
    <line>
      <![CDATA[Driver is set]]>
    </line>
    <line>
      <![CDATA[Properties file is loaded]]>
    </line>
    <line>
      <![CDATA[Website opened]]>
    </line>
    <line>
      <![CDATA[Website opened]]>
    </line>
    <line>
      <![CDATA[Test case execution started of test case: RegisterAsIndividual]]>
    </line>
    <line>
      <![CDATA[Element clicked is: radio_IndividualUser_XPATH]]>
    </line>
    <line>
      <![CDATA[Element clicked is: firstname_XPATH]]>
    </line>
    <line>
      <![CDATA[Element clicked is: lastname_XPATH]]>
    </line>
    <line>
      <![CDATA[Element clicked is: email_XPATH]]>
    </line>
    <line>
      <![CDATA[Element clicked is: pwd_XPATH]]>
    </line>
    <line>
      <![CDATA[Element clicked is: confirmPwd_XPATH]]>
    </line>
    <line>
      <![CDATA[Element clicked is: chkbox_XPATH]]>
    </line>
    <line>
      <![CDATA[Element clicked is: continueBtn_XPATH]]>
    </line>
    <line>
      <![CDATA[Element clicked is: tel_XPATH]]>
    </line>
    <line>
      <![CDATA[Element clicked is: OTP_XPATH]]>
    </line>
    <line>
      <![CDATA[Element clicked is: inputBtn_XPATH]]>
    </line>
    <line>
      <![CDATA[Element is present : logoutMenu_XPATH]]>
    </line>
    <line>
      <![CDATA[Logout menu found]]>
    </line>
    <line>
      <![CDATA[Name of the passed test case RegisterAsIndividual]]>
    </line>
    <line>
      <![CDATA[Test case execution started of test case: RegisterAsIndividual]]>
    </line>
    <line>
      <![CDATA[Element clicked is: radio_IndividualUser_XPATH]]>
    </line>
    <line>
      <![CDATA[Element clicked is: firstname_XPATH]]>
    </line>
    <line>
      <![CDATA[Element clicked is: lastname_XPATH]]>
    </line>
    <line>
      <![CDATA[Element clicked is: email_XPATH]]>
    </line>
    <line>
      <![CDATA[Element clicked is: pwd_XPATH]]>
    </line>
    <line>
      <![CDATA[Element clicked is: confirmPwd_XPATH]]>
    </line>
    <line>
      <![CDATA[Element clicked is: chkbox_XPATH]]>
    </line>
    <line>
      <![CDATA[Element clicked is: continueBtn_XPATH]]>
    </line>
    <line>
      <![CDATA[Element clicked is: tel_XPATH]]>
    </line>
    <line>
      <![CDATA[Element clicked is: OTP_XPATH]]>
    </line>
    <line>
      <![CDATA[Element clicked is: inputBtn_XPATH]]>
    </line>
    <line>
      <![CDATA[Element is present : logoutMenu_XPATH]]>
    </line>
    <line>
      <![CDATA[Logout menu found]]>
    </line>
    <line>
      <![CDATA[Name of the passed test case RegisterAsIndividual]]>
    </line>
    <line>
      <![CDATA[Test case execution started of test case: RegisterAsIndianAcademic]]>
    </line>
    <line>
      <![CDATA[Name of the failed test caseRegisterAsIndianAcademic]]>
    </line>
    <line>
      <![CDATA[<a href="file:////home/ruchi/eclipse-workspace/NPLT-Test//reports//RegisterAsIndianAcademicSat_Feb_13_22_14_51_PST_2021.jpg.png"> Error Screenshot </a>]]>
    </line>
    <line>
      <![CDATA[Test case execution started of test case: RegisterAsIndianAcademic]]>
    </line>
    <line>
      <![CDATA[Name of the failed test caseRegisterAsIndianAcademic]]>
    </line>
    <line>
      <![CDATA[<a href="file:////home/ruchi/eclipse-workspace/NPLT-Test//reports//RegisterAsIndianAcademicSat_Feb_13_22_15_02_PST_2021.jpg.png"> Error Screenshot </a>]]>
    </line>
    <line>
      <![CDATA[Test case execution started of test case: Login]]>
    </line>
    <line>
      <![CDATA[Name of the passed test case Login]]>
    </line>
    <line>
      <![CDATA[browser closed after test case execution]]>
    </line>
  </reporter-output>
  <suite name="Suite" duration-ms="204686" started-at="2021-02-14T06:11:50Z" finished-at="2021-02-14T06:15:15Z">
    <groups>
    </groups>
    <test name="Register Test" duration-ms="204686" started-at="2021-02-14T06:11:50Z" finished-at="2021-02-14T06:15:15Z">
      <class name="testCases.RegisterTestCase">
        <test-method status="PASS" signature="setBrowser()[pri:0, instance:testCases.RegisterTestCase@7e0b0338]" name="setBrowser" is-config="true" duration-ms="9759" started-at="2021-02-14T06:10:45Z" finished-at="2021-02-14T06:10:55Z">
          <reporter-output>
            <line>
              <![CDATA[Driver is set]]>
            </line>
            <line>
              <![CDATA[Properties file is loaded]]>
            </line>
          </reporter-output>
        </test-method> <!-- setBrowser -->
        <test-method status="PASS" signature="OpenWebsite()[pri:0, instance:testCases.RegisterTestCase@7e0b0338]" name="OpenWebsite" is-config="true" duration-ms="55301" started-at="2021-02-14T06:10:55Z" depends-on-methods="base.BaseClass.setBrowser" finished-at="2021-02-14T06:11:50Z">
          <reporter-output>
            <line>
              <![CDATA[Website opened]]>
            </line>
          </reporter-output>
        </test-method> <!-- OpenWebsite -->
        <test-method status="PASS" signature="OpenWebsite()[pri:0, instance:testCases.RegisterTestCase@7e0b0338]" name="OpenWebsite" is-config="true" duration-ms="9048" started-at="2021-02-14T06:11:50Z" finished-at="2021-02-14T06:11:59Z">
          <reporter-output>
            <line>
              <![CDATA[Website opened]]>
            </line>
          </reporter-output>
        </test-method> <!-- OpenWebsite -->
        <test-method status="PASS" signature="RegisterAsIndividual(java.util.Hashtable)[pri:1, instance:testCases.RegisterTestCase@7e0b0338]" name="RegisterAsIndividual" duration-ms="87654" started-at="2021-02-14T06:12:00Z" data-provider="dp1" finished-at="2021-02-14T06:13:27Z">
          <params>
            <param index="0">
              <value>
                <![CDATA[{phone=9899108080, emailID=ruchid123@gmail.com, confirmPwd=Lotus@123, otp=12345, lastname=Auto, pwd=Lotus@123, firstname=tester, UserType=Individual User}]]>
              </value>
            </param>
          </params>
          <reporter-output>
            <line>
              <![CDATA[Test case execution started of test case: RegisterAsIndividual]]>
            </line>
            <line>
              <![CDATA[Element clicked is: radio_IndividualUser_XPATH]]>
            </line>
            <line>
              <![CDATA[Element clicked is: firstname_XPATH]]>
            </line>
            <line>
              <![CDATA[Element clicked is: lastname_XPATH]]>
            </line>
            <line>
              <![CDATA[Element clicked is: email_XPATH]]>
            </line>
            <line>
              <![CDATA[Element clicked is: pwd_XPATH]]>
            </line>
            <line>
              <![CDATA[Element clicked is: confirmPwd_XPATH]]>
            </line>
            <line>
              <![CDATA[Element clicked is: chkbox_XPATH]]>
            </line>
            <line>
              <![CDATA[Element clicked is: continueBtn_XPATH]]>
            </line>
            <line>
              <![CDATA[Element clicked is: tel_XPATH]]>
            </line>
            <line>
              <![CDATA[Element clicked is: OTP_XPATH]]>
            </line>
            <line>
              <![CDATA[Element clicked is: inputBtn_XPATH]]>
            </line>
            <line>
              <![CDATA[Element is present : logoutMenu_XPATH]]>
            </line>
            <line>
              <![CDATA[Logout menu found]]>
            </line>
            <line>
              <![CDATA[Name of the passed test case RegisterAsIndividual]]>
            </line>
          </reporter-output>
        </test-method> <!-- RegisterAsIndividual -->
        <test-method status="PASS" signature="RegisterAsIndividual(java.util.Hashtable)[pri:1, instance:testCases.RegisterTestCase@7e0b0338]" name="RegisterAsIndividual" duration-ms="77613" started-at="2021-02-14T06:13:27Z" data-provider="dp1" finished-at="2021-02-14T06:14:45Z">
          <params>
            <param index="0">
              <value>
                <![CDATA[{phone=9899108080, emailID=ruchid123@gmail.com, confirmPwd=Lotus@123, otp=12345, lastname=Automation, pwd=Lotus@123, firstname=testUser, UserType=Individual User}]]>
              </value>
            </param>
          </params>
          <reporter-output>
            <line>
              <![CDATA[Test case execution started of test case: RegisterAsIndividual]]>
            </line>
            <line>
              <![CDATA[Element clicked is: radio_IndividualUser_XPATH]]>
            </line>
            <line>
              <![CDATA[Element clicked is: firstname_XPATH]]>
            </line>
            <line>
              <![CDATA[Element clicked is: lastname_XPATH]]>
            </line>
            <line>
              <![CDATA[Element clicked is: email_XPATH]]>
            </line>
            <line>
              <![CDATA[Element clicked is: pwd_XPATH]]>
            </line>
            <line>
              <![CDATA[Element clicked is: confirmPwd_XPATH]]>
            </line>
            <line>
              <![CDATA[Element clicked is: chkbox_XPATH]]>
            </line>
            <line>
              <![CDATA[Element clicked is: continueBtn_XPATH]]>
            </line>
            <line>
              <![CDATA[Element clicked is: tel_XPATH]]>
            </line>
            <line>
              <![CDATA[Element clicked is: OTP_XPATH]]>
            </line>
            <line>
              <![CDATA[Element clicked is: inputBtn_XPATH]]>
            </line>
            <line>
              <![CDATA[Element is present : logoutMenu_XPATH]]>
            </line>
            <line>
              <![CDATA[Logout menu found]]>
            </line>
            <line>
              <![CDATA[Name of the passed test case RegisterAsIndividual]]>
            </line>
          </reporter-output>
        </test-method> <!-- RegisterAsIndividual -->
        <test-method status="FAIL" signature="RegisterAsIndianAcademic(java.util.Hashtable)[pri:2, instance:testCases.RegisterTestCase@7e0b0338]" name="RegisterAsIndianAcademic" duration-ms="5913" started-at="2021-02-14T06:14:45Z" data-provider="dp1" finished-at="2021-02-14T06:14:51Z">
          <params>
            <param index="0">
              <value>
                <![CDATA[{ProfEmail=prof@gmail.com, UserType=Indian Academic Researcher, PhotoID=/home/ruchi/Pictures/no-image.jpg, OrgName=College, firstname=academicUser, lastname=researcher, phone=9899108080, pwd=Lotus@123, emailID=xyz@gmail.com, webURL=https://www.google.com, confirmPwd=Lotus@123, otp=12345}]]>
              </value>
            </param>
          </params>
          <exception class="java.lang.AssertionError">
            <message>
              <![CDATA[null]]>
            </message>
            <full-stacktrace>
              <![CDATA[java.lang.AssertionError: null
at org.testng.Assert.fail(Assert.java:96)
at org.testng.Assert.fail(Assert.java:103)
at testCases.RegisterTestCase.RegisterAsIndianAcademic(RegisterTestCase.java:208)
at sun.reflect.NativeMethodAccessorImpl.invoke0(Native Method)
at sun.reflect.NativeMethodAccessorImpl.invoke(NativeMethodAccessorImpl.java:62)
at sun.reflect.DelegatingMethodAccessorImpl.invoke(DelegatingMethodAccessorImpl.java:43)
at java.lang.reflect.Method.invoke(Method.java:498)
at org.testng.internal.MethodInvocationHelper.invokeMethod(MethodInvocationHelper.java:124)
at org.testng.internal.Invoker.invokeMethod(Invoker.java:583)
at org.testng.internal.Invoker.invokeTestMethod(Invoker.java:719)
at org.testng.internal.Invoker.invokeTestMethods(Invoker.java:989)
at org.testng.internal.TestMethodWorker.invokeTestMethods(TestMethodWorker.java:125)
at org.testng.internal.TestMethodWorker.run(TestMethodWorker.java:109)
at org.testng.TestRunner.privateRun(TestRunner.java:648)
at org.testng.TestRunner.run(TestRunner.java:505)
at org.testng.SuiteRunner.runTest(SuiteRunner.java:455)
at org.testng.SuiteRunner.runSequentially(SuiteRunner.java:450)
at org.testng.SuiteRunner.privateRun(SuiteRunner.java:415)
at org.testng.SuiteRunner.run(SuiteRunner.java:364)
at org.testng.SuiteRunnerWorker.runSuite(SuiteRunnerWorker.java:52)
at org.testng.SuiteRunnerWorker.run(SuiteRunnerWorker.java:84)
at org.testng.TestNG.runSuitesSequentially(TestNG.java:1208)
at org.testng.TestNG.runSuitesLocally(TestNG.java:1137)
at org.testng.TestNG.runSuites(TestNG.java:1049)
at org.testng.TestNG.run(TestNG.java:1017)
at org.testng.remote.AbstractRemoteTestNG.run(AbstractRemoteTestNG.java:114)
at org.testng.remote.RemoteTestNG.initAndRun(RemoteTestNG.java:251)
at org.testng.remote.RemoteTestNG.main(RemoteTestNG.java:77)
]]>
            </full-stacktrace>
          </exception> <!-- java.lang.AssertionError -->
          <reporter-output>
            <line>
              <![CDATA[Test case execution started of test case: RegisterAsIndianAcademic]]>
            </line>
            <line>
              <![CDATA[Name of the failed test caseRegisterAsIndianAcademic]]>
            </line>
            <line>
              <![CDATA[<a href="file:////home/ruchi/eclipse-workspace/NPLT-Test//reports//RegisterAsIndianAcademicSat_Feb_13_22_14_51_PST_2021.jpg.png"> Error Screenshot </a>]]>
            </line>
          </reporter-output>
        </test-method> <!-- RegisterAsIndianAcademic -->
        <test-method status="FAIL" signature="RegisterAsIndianAcademic(java.util.Hashtable)[pri:2, instance:testCases.RegisterTestCase@7e0b0338]" name="RegisterAsIndianAcademic" duration-ms="11074" started-at="2021-02-14T06:14:51Z" data-provider="dp1" finished-at="2021-02-14T06:15:02Z">
          <params>
            <param index="0">
              <value>
                <![CDATA[{ProfEmail=, UserType=Indian Academic Researcher, PhotoID=, OrgName=GovtCollege, firstname=academicTester, lastname=testResearcher, phone=9899108080, pwd=Lotus@123, emailID=abc@gmail.com, webURL=, confirmPwd=Lotus@123, otp=12345}]]>
              </value>
            </param>
          </params>
          <exception class="java.lang.AssertionError">
            <message>
              <![CDATA[null]]>
            </message>
            <full-stacktrace>
              <![CDATA[java.lang.AssertionError: null
at org.testng.Assert.fail(Assert.java:96)
at org.testng.Assert.fail(Assert.java:103)
at testCases.RegisterTestCase.RegisterAsIndianAcademic(RegisterTestCase.java:208)
at sun.reflect.NativeMethodAccessorImpl.invoke0(Native Method)
at sun.reflect.NativeMethodAccessorImpl.invoke(NativeMethodAccessorImpl.java:62)
at sun.reflect.DelegatingMethodAccessorImpl.invoke(DelegatingMethodAccessorImpl.java:43)
at java.lang.reflect.Method.invoke(Method.java:498)
at org.testng.internal.MethodInvocationHelper.invokeMethod(MethodInvocationHelper.java:124)
at org.testng.internal.Invoker.invokeMethod(Invoker.java:583)
at org.testng.internal.Invoker.invokeTestMethod(Invoker.java:719)
at org.testng.internal.Invoker.invokeTestMethods(Invoker.java:989)
at org.testng.internal.TestMethodWorker.invokeTestMethods(TestMethodWorker.java:125)
at org.testng.internal.TestMethodWorker.run(TestMethodWorker.java:109)
at org.testng.TestRunner.privateRun(TestRunner.java:648)
at org.testng.TestRunner.run(TestRunner.java:505)
at org.testng.SuiteRunner.runTest(SuiteRunner.java:455)
at org.testng.SuiteRunner.runSequentially(SuiteRunner.java:450)
at org.testng.SuiteRunner.privateRun(SuiteRunner.java:415)
at org.testng.SuiteRunner.run(SuiteRunner.java:364)
at org.testng.SuiteRunnerWorker.runSuite(SuiteRunnerWorker.java:52)
at org.testng.SuiteRunnerWorker.run(SuiteRunnerWorker.java:84)
at org.testng.TestNG.runSuitesSequentially(TestNG.java:1208)
at org.testng.TestNG.runSuitesLocally(TestNG.java:1137)
at org.testng.TestNG.runSuites(TestNG.java:1049)
at org.testng.TestNG.run(TestNG.java:1017)
at org.testng.remote.AbstractRemoteTestNG.run(AbstractRemoteTestNG.java:114)
at org.testng.remote.RemoteTestNG.initAndRun(RemoteTestNG.java:251)
at org.testng.remote.RemoteTestNG.main(RemoteTestNG.java:77)
]]>
            </full-stacktrace>
          </exception> <!-- java.lang.AssertionError -->
          <reporter-output>
            <line>
              <![CDATA[Test case execution started of test case: RegisterAsIndianAcademic]]>
            </line>
            <line>
              <![CDATA[Name of the failed test caseRegisterAsIndianAcademic]]>
            </line>
            <line>
              <![CDATA[<a href="file:////home/ruchi/eclipse-workspace/NPLT-Test//reports//RegisterAsIndianAcademicSat_Feb_13_22_15_02_PST_2021.jpg.png"> Error Screenshot </a>]]>
            </line>
          </reporter-output>
        </test-method> <!-- RegisterAsIndianAcademic -->
        <test-method status="PASS" signature="Login()[pri:3, instance:testCases.RegisterTestCase@7e0b0338]" name="Login" duration-ms="1" started-at="2021-02-14T06:15:15Z" depends-on-methods="testCases.RegisterTestCase.RegisterAsIndividual" finished-at="2021-02-14T06:15:15Z">
          <reporter-output>
            <line>
              <![CDATA[Test case execution started of test case: Login]]>
            </line>
            <line>
              <![CDATA[Name of the passed test case Login]]>
            </line>
          </reporter-output>
        </test-method> <!-- Login -->
        <test-method status="PASS" signature="CloseBrowser()[pri:0, instance:testCases.RegisterTestCase@7e0b0338]" name="CloseBrowser" is-config="true" duration-ms="1225" started-at="2021-02-14T06:15:19Z" finished-at="2021-02-14T06:15:20Z">
          <reporter-output>
            <line>
              <![CDATA[browser closed after test case execution]]>
            </line>
          </reporter-output>
        </test-method> <!-- CloseBrowser -->
      </class> <!-- testCases.RegisterTestCase -->
    </test> <!-- Register Test -->
  </suite> <!-- Suite -->
</testng-results>
